[ 2017-06-04T11:07:50+08:00 ] ::1 /five/index.php?g=Admin&m=public&a=dologin
INFO: [ app_begin ] --START--
INFO: Run Behavior\ReadHtmlCacheBehavior [ RunTime:0.000637s ]
INFO: Run Behavior\CheckLangBehavior [ RunTime:0.001537s ]
INFO: Run Common\Behavior\UrldecodeGetBehavior [ RunTime:0.000551s ]
INFO: [ app_begin ] --END-- [ RunTime:0.003408s ]
INFO: [ admin_begin ] --START--
INFO: Run Common\Behavior\AdminDefaultLangBehavior [ RunTime:0.001937s ]
INFO: [ admin_begin ] --END-- [ RunTime:0.001990s ]
SQL: SHOW COLUMNS FROM `qx_users` [ RunTime:0.0846s ]
SQL: SELECT * FROM `qx_users` WHERE `user_login` = 'Admin' LIMIT 1   [ RunTime:0.0409s ]
SQL: SHOW COLUMNS FROM `qx_role_user` [ RunTime:0.0493s ]
SQL: SELECT `role_id` FROM qx_role_user a INNER JOIN qx_role as b on a.role_id =b.id  WHERE `user_id` = '1' AND `status` = 1  [ RunTime:0.0840s ]
SQL: UPDATE `qx_users` SET `user_login`='admin',`user_pass`='###6717b1f76f1f76fa1487d633d8b97fd1',`user_nicename`='admin',`user_email`='1@qq.com',`user_url`='',`avatar`=NULL,`sex`='0',`birthday`='2000-01-01',`signature`=NULL,`last_login_ip`='0.0.0.0',`last_login_time`='2017-06-04 11:07:50',`create_time`='2017-06-03 02:12:14',`user_activation_key`='',`user_status`='1',`score`='0',`user_type`='1',`coin`='0',`mobile`='' WHERE `id` = '1' [ RunTime:0.0500s ]

[ 2017-06-04T11:10:32+08:00 ] ::1 /five/index.php?g=Admin&m=Menu&a=index
NOTIC: D方法实例化没找到模型类Common\Model\AuthRuleModel

[ 2017-06-04T11:10:35+08:00 ] ::1 /five/index.php?g=Admin&m=menu&a=add
NOTIC: D方法实例化没找到模型类Common\Model\AuthRuleModel

[ 2017-06-04T11:10:58+08:00 ] ::1 /five/index.php?g=Admin&m=Menu&a=add_post
INFO: [ app_begin ] --START--
INFO: Run Behavior\ReadHtmlCacheBehavior [ RunTime:0.000731s ]
INFO: Run Behavior\CheckLangBehavior [ RunTime:0.002052s ]
INFO: Run Common\Behavior\UrldecodeGetBehavior [ RunTime:0.000549s ]
INFO: [ app_begin ] --END-- [ RunTime:0.004587s ]
INFO: [ admin_begin ] --START--
INFO: Run Common\Behavior\AdminDefaultLangBehavior [ RunTime:0.002138s ]
INFO: [ admin_begin ] --END-- [ RunTime:0.002182s ]
SQL: SHOW COLUMNS FROM `qx_users` [ RunTime:0.0069s ]
SQL: SELECT * FROM `qx_users` WHERE `id` = '1' LIMIT 1   [ RunTime:0.0003s ]
SQL: SHOW COLUMNS FROM `qx_menu` [ RunTime:0.0057s ]
NOTIC: D方法实例化没找到模型类Common\Model\AuthRuleModel
SQL: SHOW COLUMNS FROM `qx_auth_rule` [ RunTime:0.0056s ]
NOTIC: [8] Undefined index: validate D:\phpStudy\WWW\five\simplewind\Core\Library\Think\Model.class.php 第 1185 行.
SQL: SELECT * FROM `qx_menu` WHERE `app` = 'Admin' AND `model` = 'Qindex' AND `action` = 'index' LIMIT 1   [ RunTime:0.0004s ]
SQL: SELECT `parentid` FROM `qx_menu` WHERE `id` = 0 LIMIT 1   [ RunTime:0.0002s ]
NOTIC: [8] Undefined index: auto D:\phpStudy\WWW\five\simplewind\Core\Library\Think\Model.class.php 第 1128 行.
SQL: INSERT INTO `qx_menu` (`parentid`,`name`,`app`,`model`,`action`,`data`,`icon`,`remark`,`status`,`type`) VALUES ('0','前台首页','Admin','Qindex','index','','','','1','1') [ RunTime:0.0477s ]
SQL: SELECT COUNT(*) AS tp_count FROM `qx_auth_rule` WHERE `name` = 'admin/qindex/index' LIMIT 1   [ RunTime:0.0354s ]
SQL: INSERT INTO `qx_auth_rule` (`name`,`module`,`type`,`title`) VALUES ('admin/qindex/index','Admin','admin_url','前台首页') [ RunTime:0.0004s ]
SQL: SELECT * FROM `qx_menu` WHERE `app` = 'Admin' ORDER BY `listorder` ASC,`app` ASC,`model` ASC,`action` ASC  [ RunTime:0.0011s ]

[ 2017-06-04T11:10:59+08:00 ] ::1 /five/index.php?g=Admin&m=Menu&a=index
NOTIC: D方法实例化没找到模型类Common\Model\AuthRuleModel

[ 2017-06-04T12:11:55+08:00 ] ::1 /five/index.php?g=Admin&m=Admin&a=edit
ERR: 无法加载控制器:Admin

[ 2017-06-04T14:01:04+08:00 ] ::1 /five/index.php?g=Admin&m=Menu&a=index
NOTIC: D方法实例化没找到模型类Common\Model\AuthRuleModel

[ 2017-06-04T14:01:06+08:00 ] ::1 /five/index.php?g=Admin&m=menu&a=add
NOTIC: D方法实例化没找到模型类Common\Model\AuthRuleModel

[ 2017-06-04T14:01:33+08:00 ] ::1 /five/index.php?g=Admin&m=Menu&a=add_post
INFO: [ app_begin ] --START--
INFO: Run Behavior\ReadHtmlCacheBehavior [ RunTime:0.001317s ]
INFO: Run Behavior\CheckLangBehavior [ RunTime:0.002911s ]
INFO: Run Common\Behavior\UrldecodeGetBehavior [ RunTime:0.000835s ]
INFO: [ app_begin ] --END-- [ RunTime:0.005747s ]
INFO: [ admin_begin ] --START--
INFO: Run Common\Behavior\AdminDefaultLangBehavior [ RunTime:0.003619s ]
INFO: [ admin_begin ] --END-- [ RunTime:0.003673s ]
SQL: SHOW COLUMNS FROM `qx_users` [ RunTime:0.0112s ]
SQL: SELECT * FROM `qx_users` WHERE `id` = '1' LIMIT 1   [ RunTime:0.0008s ]
SQL: SHOW COLUMNS FROM `qx_menu` [ RunTime:0.0103s ]
NOTIC: D方法实例化没找到模型类Common\Model\AuthRuleModel
SQL: SHOW COLUMNS FROM `qx_auth_rule` [ RunTime:0.0106s ]
NOTIC: [8] Undefined index: validate D:\phpStudy\WWW\five\simplewind\Core\Library\Think\Model.class.php 第 1185 行.
SQL: SELECT * FROM `qx_menu` WHERE `app` = 'Admin' AND `model` = 'New' AND `action` = 'index' LIMIT 1   [ RunTime:0.0008s ]
SQL: SELECT `parentid` FROM `qx_menu` WHERE `id` = 0 LIMIT 1   [ RunTime:0.0006s ]
NOTIC: [8] Undefined index: auto D:\phpStudy\WWW\five\simplewind\Core\Library\Think\Model.class.php 第 1128 行.
SQL: INSERT INTO `qx_menu` (`parentid`,`name`,`app`,`model`,`action`,`data`,`icon`,`remark`,`status`,`type`) VALUES ('0','现货资源','Admin','New','index','','','','1','1') [ RunTime:0.0009s ]
SQL: SELECT COUNT(*) AS tp_count FROM `qx_auth_rule` WHERE `name` = 'admin/new/index' LIMIT 1   [ RunTime:0.0006s ]
SQL: INSERT INTO `qx_auth_rule` (`name`,`module`,`type`,`title`) VALUES ('admin/new/index','Admin','admin_url','现货资源') [ RunTime:0.0016s ]
SQL: SELECT * FROM `qx_menu` WHERE `app` = 'Admin' ORDER BY `listorder` ASC,`app` ASC,`model` ASC,`action` ASC  [ RunTime:0.0013s ]
NOTIC: [2] mkdir(): File exists D:\phpStudy\WWW\five\application\Admin\Controller\MenuController.class.php 第 247 行.

[ 2017-06-04T14:01:34+08:00 ] ::1 /five/index.php?g=Admin&m=Menu&a=index
NOTIC: D方法实例化没找到模型类Common\Model\AuthRuleModel

[ 2017-06-04T14:01:51+08:00 ] ::1 /five/index.php?g=Admin&m=Menu&a=edit&id=188&menuid=
NOTIC: D方法实例化没找到模型类Common\Model\AuthRuleModel

[ 2017-06-04T14:01:55+08:00 ] ::1 /five/index.php?g=Admin&m=Menu&a=edit_post
INFO: [ app_begin ] --START--
INFO: Run Behavior\ReadHtmlCacheBehavior [ RunTime:0.000537s ]
INFO: Run Behavior\CheckLangBehavior [ RunTime:0.001537s ]
INFO: Run Common\Behavior\UrldecodeGetBehavior [ RunTime:0.000889s ]
INFO: [ app_begin ] --END-- [ RunTime:0.003479s ]
INFO: [ admin_begin ] --START--
INFO: Run Common\Behavior\AdminDefaultLangBehavior [ RunTime:0.002010s ]
INFO: [ admin_begin ] --END-- [ RunTime:0.002056s ]
SQL: SHOW COLUMNS FROM `qx_users` [ RunTime:0.0058s ]
SQL: SELECT * FROM `qx_users` WHERE `id` = '1' LIMIT 1   [ RunTime:0.0003s ]
SQL: SHOW COLUMNS FROM `qx_menu` [ RunTime:0.0052s ]
NOTIC: D方法实例化没找到模型类Common\Model\AuthRuleModel
SQL: SHOW COLUMNS FROM `qx_auth_rule` [ RunTime:0.0059s ]
SQL: SELECT * FROM `qx_menu` WHERE `id` = 188 LIMIT 1   [ RunTime:0.0003s ]
NOTIC: [8] Undefined index: validate D:\phpStudy\WWW\five\simplewind\Core\Library\Think\Model.class.php 第 1185 行.
SQL: SELECT `id` FROM `qx_menu` WHERE `app` = 'Admin' AND `model` = 'New' AND `action` = 'index' LIMIT 1   [ RunTime:0.0003s ]
NOTIC: [8] Undefined index: auto D:\phpStudy\WWW\five\simplewind\Core\Library\Think\Model.class.php 第 1128 行.
SQL: UPDATE `qx_menu` SET `parentid`='0',`name`='现货资源',`app`='Admin',`model`='New',`action`='index',`data`='',`icon`='briefcase',`remark`='',`status`='1',`type`='1' WHERE `id` = 188 [ RunTime:0.0003s ]
SQL: SELECT COUNT(*) AS tp_count FROM `qx_auth_rule` WHERE `name` = 'admin/new/index' LIMIT 1   [ RunTime:0.0003s ]
SQL: UPDATE `qx_auth_rule` SET `name`='admin/new/index',`module`='Admin',`type`='admin_url',`title`='现货资源' WHERE `name` = 'admin/new/index' [ RunTime:0.0008s ]
SQL: SELECT * FROM `qx_menu` WHERE `app` = 'Admin' ORDER BY `listorder` ASC,`app` ASC,`model` ASC,`action` ASC  [ RunTime:0.0011s ]
NOTIC: [2] mkdir(): File exists D:\phpStudy\WWW\five\application\Admin\Controller\MenuController.class.php 第 247 行.

[ 2017-06-04T14:01:56+08:00 ] ::1 /five/index.php?g=Admin&m=Menu&a=edit&id=188&menuid=
NOTIC: D方法实例化没找到模型类Common\Model\AuthRuleModel

[ 2017-06-04T15:11:35+08:00 ] ::1 /five/index.php?g=Admin&m=New&a=editmess
ERR: 1064:You have an error in your SQL syntax; check the manual that corresponds to your MySQL server version for the right syntax to use near ')' at line 1
 [ SQL语句 ] : UPDATE `qx_resources` SET `name`='围围巾是',`material`='额',`specifications`='额',`number`='二位' WHERE ( Id= )

[ 2017-06-04T15:12:18+08:00 ] ::1 /five/index.php?g=Admin&m=New&a=editmess
ERR: 1064:You have an error in your SQL syntax; check the manual that corresponds to your MySQL server version for the right syntax to use near ')' at line 1
 [ SQL语句 ] : UPDATE `qx_resources` SET `name`='围围巾pp',`material`='额',`specifications`='额',`number`='二位' WHERE ( Id= )

[ 2017-06-04T15:13:56+08:00 ] ::1 /five/index.php?g=Admin&m=New&a=editmess
ERR: 1064:You have an error in your SQL syntax; check the manual that corresponds to your MySQL server version for the right syntax to use near ')' at line 1
 [ SQL语句 ] : UPDATE `qx_resources` SET `name`='围围巾',`material`='额我',`specifications`='额',`number`='二位' WHERE ( id= )

[ 2017-06-04T15:27:59+08:00 ] ::1 /five/index.php?g=Admin&m=User&a=add_post
INFO: [ app_begin ] --START--
INFO: Run Behavior\ReadHtmlCacheBehavior [ RunTime:0.000644s ]
INFO: Run Behavior\CheckLangBehavior [ RunTime:0.004229s ]
INFO: Run Common\Behavior\UrldecodeGetBehavior [ RunTime:0.000542s ]
INFO: [ app_begin ] --END-- [ RunTime:0.006047s ]
INFO: [ admin_begin ] --START--
INFO: Run Common\Behavior\AdminDefaultLangBehavior [ RunTime:0.002315s ]
INFO: [ admin_begin ] --END-- [ RunTime:0.002356s ]
SQL: SHOW COLUMNS FROM `qx_users` [ RunTime:0.0058s ]
SQL: SELECT * FROM `qx_users` WHERE `id` = '1' LIMIT 1   [ RunTime:0.0004s ]
SQL: SHOW COLUMNS FROM `qx_users` [ RunTime:0.0058s ]
SQL: SHOW COLUMNS FROM `qx_role` [ RunTime:0.0057s ]
NOTIC: [8] Undefined index: validate D:\phpStudy\WWW\five\simplewind\Core\Library\Think\Model.class.php 第 1185 行.
SQL: SELECT * FROM `qx_users` WHERE `user_login` = 'Zero' LIMIT 1   [ RunTime:0.0003s ]
SQL: SELECT * FROM `qx_users` WHERE `user_email` = '1814702679@qq.com' LIMIT 1   [ RunTime:0.0003s ]
NOTIC: [8] Undefined index: auto D:\phpStudy\WWW\five\simplewind\Core\Library\Think\Model.class.php 第 1128 行.
SQL: INSERT INTO `qx_users` (`user_login`,`user_pass`,`user_email`,`create_time`) VALUES ('Zero','###fe5e6101ab52b054f9bb1b76b233115f','1814702679@qq.com','2017-06-04 15:27:59') [ RunTime:0.0003s ]
SQL: SHOW COLUMNS FROM `qx_role_user` [ RunTime:0.0209s ]
SQL: INSERT INTO `qx_role_user` (`role_id`,`user_id`) VALUES ('1','2') [ RunTime:0.0003s ]

[ 2017-06-04T15:28:11+08:00 ] ::1 /five/index.php?g=Admin&m=Menu&a=index
NOTIC: D方法实例化没找到模型类Common\Model\AuthRuleModel

[ 2017-06-04T15:28:15+08:00 ] ::1 /five/index.php?g=Admin&m=Menu&a=edit&id=109&menuid=
NOTIC: D方法实例化没找到模型类Common\Model\AuthRuleModel

[ 2017-06-04T15:28:19+08:00 ] ::1 /five/index.php?g=Admin&m=Menu&a=index
NOTIC: D方法实例化没找到模型类Common\Model\AuthRuleModel

[ 2017-06-04T15:28:22+08:00 ] ::1 /five/index.php?g=Admin&m=Menu&a=edit&id=39&menuid=
NOTIC: D方法实例化没找到模型类Common\Model\AuthRuleModel

[ 2017-06-04T15:28:26+08:00 ] ::1 /five/index.php?g=Admin&m=Menu&a=edit_post
INFO: [ app_begin ] --START--
INFO: Run Behavior\ReadHtmlCacheBehavior [ RunTime:0.000577s ]
INFO: Run Behavior\CheckLangBehavior [ RunTime:0.002339s ]
INFO: Run Common\Behavior\UrldecodeGetBehavior [ RunTime:0.000548s ]
INFO: [ app_begin ] --END-- [ RunTime:0.004192s ]
INFO: [ admin_begin ] --START--
INFO: Run Common\Behavior\AdminDefaultLangBehavior [ RunTime:0.003909s ]
INFO: [ admin_begin ] --END-- [ RunTime:0.003971s ]
SQL: SHOW COLUMNS FROM `qx_users` [ RunTime:0.0056s ]
SQL: SELECT * FROM `qx_users` WHERE `id` = '1' LIMIT 1   [ RunTime:0.0004s ]
SQL: SHOW COLUMNS FROM `qx_menu` [ RunTime:0.0060s ]
NOTIC: D方法实例化没找到模型类Common\Model\AuthRuleModel
SQL: SHOW COLUMNS FROM `qx_auth_rule` [ RunTime:0.0051s ]
SQL: SELECT * FROM `qx_menu` WHERE `id` = 39 LIMIT 1   [ RunTime:0.0003s ]
NOTIC: [8] Undefined index: validate D:\phpStudy\WWW\five\simplewind\Core\Library\Think\Model.class.php 第 1185 行.
SQL: SELECT `id` FROM `qx_menu` WHERE `app` = 'Admin' AND `model` = 'Extension' AND `action` = 'default' LIMIT 1   [ RunTime:0.0003s ]
NOTIC: [8] Undefined index: auto D:\phpStudy\WWW\five\simplewind\Core\Library\Think\Model.class.php 第 1128 行.
SQL: UPDATE `qx_menu` SET `parentid`='0',`name`='扩展工具',`app`='Admin',`model`='Extension',`action`='default',`data`='',`icon`='cloud',`remark`='',`status`='0',`type`='0' WHERE `id` = 39 [ RunTime:0.0003s ]
SQL: SELECT COUNT(*) AS tp_count FROM `qx_auth_rule` WHERE `name` = 'admin/extension/default' LIMIT 1   [ RunTime:0.0003s ]
SQL: UPDATE `qx_auth_rule` SET `name`='admin/extension/default',`module`='Admin',`type`='admin_url',`title`='扩展工具' WHERE `name` = 'admin/extension/default' [ RunTime:0.0008s ]
SQL: SELECT * FROM `qx_menu` WHERE `app` = 'Admin' ORDER BY `listorder` ASC,`app` ASC,`model` ASC,`action` ASC  [ RunTime:0.0012s ]
NOTIC: [2] mkdir(): File exists D:\phpStudy\WWW\five\application\Admin\Controller\MenuController.class.php 第 247 行.

[ 2017-06-04T15:28:27+08:00 ] ::1 /five/index.php?g=Admin&m=Menu&a=edit&id=39&menuid=
NOTIC: D方法实例化没找到模型类Common\Model\AuthRuleModel

[ 2017-06-04T15:28:30+08:00 ] ::1 /five/index.php?g=Admin&m=Menu&a=index
NOTIC: D方法实例化没找到模型类Common\Model\AuthRuleModel

[ 2017-06-04T15:28:34+08:00 ] ::1 /five/index.php?g=Admin&m=Menu&a=edit&id=1&menuid=
NOTIC: D方法实例化没找到模型类Common\Model\AuthRuleModel

[ 2017-06-04T15:28:38+08:00 ] ::1 /five/index.php?g=Admin&m=Menu&a=edit_post
INFO: [ app_begin ] --START--
INFO: Run Behavior\ReadHtmlCacheBehavior [ RunTime:0.001064s ]
INFO: Run Behavior\CheckLangBehavior [ RunTime:0.001925s ]
INFO: Run Common\Behavior\UrldecodeGetBehavior [ RunTime:0.000520s ]
INFO: [ app_begin ] --END-- [ RunTime:0.005097s ]
INFO: [ admin_begin ] --START--
INFO: Run Common\Behavior\AdminDefaultLangBehavior [ RunTime:0.002167s ]
INFO: [ admin_begin ] --END-- [ RunTime:0.002206s ]
SQL: SHOW COLUMNS FROM `qx_users` [ RunTime:0.0055s ]
SQL: SELECT * FROM `qx_users` WHERE `id` = '1' LIMIT 1   [ RunTime:0.0003s ]
SQL: SHOW COLUMNS FROM `qx_menu` [ RunTime:0.0054s ]
NOTIC: D方法实例化没找到模型类Common\Model\AuthRuleModel
SQL: SHOW COLUMNS FROM `qx_auth_rule` [ RunTime:0.0056s ]
SQL: SELECT * FROM `qx_menu` WHERE `id` = 1 LIMIT 1   [ RunTime:0.0003s ]
NOTIC: [8] Undefined index: validate D:\phpStudy\WWW\five\simplewind\Core\Library\Think\Model.class.php 第 1185 行.
SQL: SELECT `id` FROM `qx_menu` WHERE `app` = 'Admin' AND `model` = 'Content' AND `action` = 'default' LIMIT 1   [ RunTime:0.0003s ]
NOTIC: [8] Undefined index: auto D:\phpStudy\WWW\five\simplewind\Core\Library\Think\Model.class.php 第 1128 行.
SQL: UPDATE `qx_menu` SET `parentid`='0',`name`='内容管理',`app`='Admin',`model`='Content',`action`='default',`data`='',`icon`='th',`remark`='',`status`='0',`type`='0' WHERE `id` = 1 [ RunTime:0.0004s ]
SQL: SELECT COUNT(*) AS tp_count FROM `qx_auth_rule` WHERE `name` = 'admin/content/default' LIMIT 1   [ RunTime:0.0003s ]
SQL: UPDATE `qx_auth_rule` SET `name`='admin/content/default',`module`='Admin',`type`='admin_url',`title`='内容管理' WHERE `name` = 'admin/content/default' [ RunTime:0.0008s ]
SQL: SELECT * FROM `qx_menu` WHERE `app` = 'Admin' ORDER BY `listorder` ASC,`app` ASC,`model` ASC,`action` ASC  [ RunTime:0.0011s ]
NOTIC: [2] mkdir(): File exists D:\phpStudy\WWW\five\application\Admin\Controller\MenuController.class.php 第 247 行.

[ 2017-06-04T15:28:39+08:00 ] ::1 /five/index.php?g=Admin&m=Menu&a=edit&id=1&menuid=
NOTIC: D方法实例化没找到模型类Common\Model\AuthRuleModel

[ 2017-06-04T15:28:45+08:00 ] ::1 /five/index.php?g=Admin&m=Menu&a=index
NOTIC: D方法实例化没找到模型类Common\Model\AuthRuleModel

[ 2017-06-04T15:28:56+08:00 ] ::1 /five/index.php?g=Admin&m=Menu&a=edit&id=132&menuid=
NOTIC: D方法实例化没找到模型类Common\Model\AuthRuleModel

[ 2017-06-04T15:29:01+08:00 ] ::1 /five/index.php?g=Admin&m=Menu&a=edit_post
INFO: [ app_begin ] --START--
INFO: Run Behavior\ReadHtmlCacheBehavior [ RunTime:0.000544s ]
INFO: Run Behavior\CheckLangBehavior [ RunTime:0.001638s ]
INFO: Run Common\Behavior\UrldecodeGetBehavior [ RunTime:0.000471s ]
INFO: [ app_begin ] --END-- [ RunTime:0.003174s ]
INFO: [ admin_begin ] --START--
INFO: Run Common\Behavior\AdminDefaultLangBehavior [ RunTime:0.003886s ]
INFO: [ admin_begin ] --END-- [ RunTime:0.003937s ]
SQL: SHOW COLUMNS FROM `qx_users` [ RunTime:0.0055s ]
SQL: SELECT * FROM `qx_users` WHERE `id` = '1' LIMIT 1   [ RunTime:0.0006s ]
SQL: SHOW COLUMNS FROM `qx_menu` [ RunTime:0.0052s ]
NOTIC: D方法实例化没找到模型类Common\Model\AuthRuleModel
SQL: SHOW COLUMNS FROM `qx_auth_rule` [ RunTime:0.0050s ]
SQL: SELECT * FROM `qx_menu` WHERE `id` = 132 LIMIT 1   [ RunTime:0.0003s ]
NOTIC: [8] Undefined index: validate D:\phpStudy\WWW\five\simplewind\Core\Library\Think\Model.class.php 第 1185 行.
SQL: SELECT `id` FROM `qx_menu` WHERE `app` = 'User' AND `model` = 'Indexadmin' AND `action` = 'default' LIMIT 1   [ RunTime:0.0003s ]
NOTIC: [8] Undefined index: auto D:\phpStudy\WWW\five\simplewind\Core\Library\Think\Model.class.php 第 1128 行.
SQL: UPDATE `qx_menu` SET `parentid`='0',`name`='用户管理',`app`='User',`model`='Indexadmin',`action`='default',`data`='',`icon`='group',`remark`='',`status`='0',`type`='1' WHERE `id` = 132 [ RunTime:0.0003s ]
SQL: SELECT COUNT(*) AS tp_count FROM `qx_auth_rule` WHERE `name` = 'user/indexadmin/default' LIMIT 1   [ RunTime:0.0003s ]
SQL: UPDATE `qx_auth_rule` SET `name`='user/indexadmin/default',`module`='User',`type`='admin_url',`title`='用户管理' WHERE `name` = 'user/indexadmin/default' [ RunTime:0.0007s ]
SQL: SELECT * FROM `qx_menu` WHERE `app` = 'User' ORDER BY `listorder` ASC,`app` ASC,`model` ASC,`action` ASC  [ RunTime:0.0004s ]

[ 2017-06-04T15:29:02+08:00 ] ::1 /five/index.php?g=Admin&m=Menu&a=edit&id=132&menuid=
NOTIC: D方法实例化没找到模型类Common\Model\AuthRuleModel

[ 2017-06-04T15:29:05+08:00 ] ::1 /five/index.php?g=Admin&m=Menu&a=index
NOTIC: D方法实例化没找到模型类Common\Model\AuthRuleModel

[ 2017-06-04T15:29:12+08:00 ] ::1 /five/index.php?g=Admin&m=Menu&a=edit&id=115&menuid=
NOTIC: D方法实例化没找到模型类Common\Model\AuthRuleModel

[ 2017-06-04T15:29:31+08:00 ] ::1 /five/index.php?g=Admin&m=Menu&a=edit_post
INFO: [ app_begin ] --START--
INFO: Run Behavior\ReadHtmlCacheBehavior [ RunTime:0.000601s ]
INFO: Run Behavior\CheckLangBehavior [ RunTime:0.001674s ]
INFO: Run Common\Behavior\UrldecodeGetBehavior [ RunTime:0.000502s ]
INFO: [ app_begin ] --END-- [ RunTime:0.003422s ]
INFO: [ admin_begin ] --START--
INFO: Run Common\Behavior\AdminDefaultLangBehavior [ RunTime:0.002151s ]
INFO: [ admin_begin ] --END-- [ RunTime:0.002198s ]
SQL: SHOW COLUMNS FROM `qx_users` [ RunTime:0.0054s ]
SQL: SELECT * FROM `qx_users` WHERE `id` = '1' LIMIT 1   [ RunTime:0.0003s ]
SQL: SHOW COLUMNS FROM `qx_menu` [ RunTime:0.0052s ]
NOTIC: D方法实例化没找到模型类Common\Model\AuthRuleModel
SQL: SHOW COLUMNS FROM `qx_auth_rule` [ RunTime:0.0061s ]
SQL: SELECT * FROM `qx_menu` WHERE `id` = 115 LIMIT 1   [ RunTime:0.0003s ]
NOTIC: [8] Undefined index: validate D:\phpStudy\WWW\five\simplewind\Core\Library\Think\Model.class.php 第 1185 行.
SQL: SELECT `id` FROM `qx_menu` WHERE `app` = 'Admin' AND `model` = 'Setting' AND `action` = 'site' LIMIT 1   [ RunTime:0.0003s ]
NOTIC: [8] Undefined index: auto D:\phpStudy\WWW\five\simplewind\Core\Library\Think\Model.class.php 第 1128 行.
SQL: UPDATE `qx_menu` SET `parentid`='109',`name`='网站信息',`app`='Admin',`model`='Setting',`action`='site',`data`='',`icon`='',`remark`='',`status`='0',`type`='1' WHERE `id` = 115 [ RunTime:0.0003s ]
SQL: SELECT COUNT(*) AS tp_count FROM `qx_auth_rule` WHERE `name` = 'admin/setting/site' LIMIT 1   [ RunTime:0.0003s ]
SQL: UPDATE `qx_auth_rule` SET `name`='admin/setting/site',`module`='Admin',`type`='admin_url',`title`='网站信息' WHERE `name` = 'admin/setting/site' [ RunTime:0.0008s ]
SQL: SELECT * FROM `qx_menu` WHERE `app` = 'Admin' ORDER BY `listorder` ASC,`app` ASC,`model` ASC,`action` ASC  [ RunTime:0.0011s ]
NOTIC: [2] mkdir(): File exists D:\phpStudy\WWW\five\application\Admin\Controller\MenuController.class.php 第 247 行.

[ 2017-06-04T15:29:32+08:00 ] ::1 /five/index.php?g=Admin&m=Menu&a=edit&id=115&menuid=
NOTIC: D方法实例化没找到模型类Common\Model\AuthRuleModel

[ 2017-06-04T15:29:36+08:00 ] ::1 /five/index.php?g=Admin&m=menu&a=index
NOTIC: D方法实例化没找到模型类Common\Model\AuthRuleModel

[ 2017-06-04T15:29:43+08:00 ] ::1 /five/index.php?g=Admin&m=Menu&a=edit&id=126&menuid=
NOTIC: D方法实例化没找到模型类Common\Model\AuthRuleModel

[ 2017-06-04T15:29:49+08:00 ] ::1 /five/index.php?g=Admin&m=Menu&a=edit_post
INFO: [ app_begin ] --START--
INFO: Run Behavior\ReadHtmlCacheBehavior [ RunTime:0.000652s ]
INFO: Run Behavior\CheckLangBehavior [ RunTime:0.001836s ]
INFO: Run Common\Behavior\UrldecodeGetBehavior [ RunTime:0.000568s ]
INFO: [ app_begin ] --END-- [ RunTime:0.003631s ]
INFO: [ admin_begin ] --START--
INFO: Run Common\Behavior\AdminDefaultLangBehavior [ RunTime:0.003924s ]
INFO: [ admin_begin ] --END-- [ RunTime:0.003970s ]
SQL: SHOW COLUMNS FROM `qx_users` [ RunTime:0.0055s ]
SQL: SELECT * FROM `qx_users` WHERE `id` = '1' LIMIT 1   [ RunTime:0.0004s ]
SQL: SHOW COLUMNS FROM `qx_menu` [ RunTime:0.0066s ]
NOTIC: D方法实例化没找到模型类Common\Model\AuthRuleModel
SQL: SHOW COLUMNS FROM `qx_auth_rule` [ RunTime:0.0060s ]
SQL: SELECT * FROM `qx_menu` WHERE `id` = 126 LIMIT 1   [ RunTime:0.0003s ]
NOTIC: [8] Undefined index: validate D:\phpStudy\WWW\five\simplewind\Core\Library\Think\Model.class.php 第 1185 行.
SQL: SELECT `id` FROM `qx_menu` WHERE `app` = 'Admin' AND `model` = 'Mailer' AND `action` = 'default' LIMIT 1   [ RunTime:0.0004s ]
NOTIC: [8] Undefined index: auto D:\phpStudy\WWW\five\simplewind\Core\Library\Think\Model.class.php 第 1128 行.
SQL: UPDATE `qx_menu` SET `parentid`='109',`name`='邮箱配置',`app`='Admin',`model`='Mailer',`action`='default',`data`='',`icon`='',`remark`='',`status`='0',`type`='1' WHERE `id` = 126 [ RunTime:0.0003s ]
SQL: SELECT COUNT(*) AS tp_count FROM `qx_auth_rule` WHERE `name` = 'admin/mailer/default' LIMIT 1   [ RunTime:0.0003s ]
SQL: UPDATE `qx_auth_rule` SET `name`='admin/mailer/default',`module`='Admin',`type`='admin_url',`title`='邮箱配置' WHERE `name` = 'admin/mailer/default' [ RunTime:0.0008s ]
SQL: SELECT * FROM `qx_menu` WHERE `app` = 'Admin' ORDER BY `listorder` ASC,`app` ASC,`model` ASC,`action` ASC  [ RunTime:0.0011s ]
NOTIC: [2] mkdir(): File exists D:\phpStudy\WWW\five\application\Admin\Controller\MenuController.class.php 第 247 行.

[ 2017-06-04T15:29:50+08:00 ] ::1 /five/index.php?g=Admin&m=Menu&a=edit&id=126&menuid=
NOTIC: D方法实例化没找到模型类Common\Model\AuthRuleModel

[ 2017-06-04T15:29:52+08:00 ] ::1 /five/index.php?g=Admin&m=menu&a=index
NOTIC: D方法实例化没找到模型类Common\Model\AuthRuleModel

[ 2017-06-04T15:29:57+08:00 ] ::1 /five/index.php?g=Admin&m=Menu&a=edit&id=156&menuid=
NOTIC: D方法实例化没找到模型类Common\Model\AuthRuleModel

[ 2017-06-04T15:30:04+08:00 ] ::1 /five/index.php?g=Admin&m=Menu&a=edit_post
INFO: [ app_begin ] --START--
INFO: Run Behavior\ReadHtmlCacheBehavior [ RunTime:0.000597s ]
INFO: Run Behavior\CheckLangBehavior [ RunTime:0.001516s ]
INFO: Run Common\Behavior\UrldecodeGetBehavior [ RunTime:0.000495s ]
INFO: [ app_begin ] --END-- [ RunTime:0.003141s ]
INFO: [ admin_begin ] --START--
INFO: Run Common\Behavior\AdminDefaultLangBehavior [ RunTime:0.001899s ]
INFO: [ admin_begin ] --END-- [ RunTime:0.001939s ]
SQL: SHOW COLUMNS FROM `qx_users` [ RunTime:0.0053s ]
SQL: SELECT * FROM `qx_users` WHERE `id` = '1' LIMIT 1   [ RunTime:0.0004s ]
SQL: SHOW COLUMNS FROM `qx_menu` [ RunTime:0.0058s ]
NOTIC: D方法实例化没找到模型类Common\Model\AuthRuleModel
SQL: SHOW COLUMNS FROM `qx_auth_rule` [ RunTime:0.0052s ]
SQL: SELECT * FROM `qx_menu` WHERE `id` = 156 LIMIT 1   [ RunTime:0.0003s ]
NOTIC: [8] Undefined index: validate D:\phpStudy\WWW\five\simplewind\Core\Library\Think\Model.class.php 第 1185 行.
SQL: SELECT `id` FROM `qx_menu` WHERE `app` = 'Admin' AND `model` = 'Storage' AND `action` = 'index' LIMIT 1   [ RunTime:0.0003s ]
NOTIC: [8] Undefined index: auto D:\phpStudy\WWW\five\simplewind\Core\Library\Think\Model.class.php 第 1128 行.
SQL: UPDATE `qx_menu` SET `parentid`='109',`name`='文件存储',`app`='Admin',`model`='Storage',`action`='index',`data`='',`icon`='',`remark`='',`status`='0',`type`='1' WHERE `id` = 156 [ RunTime:0.0003s ]
SQL: SELECT COUNT(*) AS tp_count FROM `qx_auth_rule` WHERE `name` = 'admin/storage/index' LIMIT 1   [ RunTime:0.0003s ]
SQL: UPDATE `qx_auth_rule` SET `name`='admin/storage/index',`module`='Admin',`type`='admin_url',`title`='文件存储' WHERE `name` = 'admin/storage/index' [ RunTime:0.0008s ]
SQL: SELECT * FROM `qx_menu` WHERE `app` = 'Admin' ORDER BY `listorder` ASC,`app` ASC,`model` ASC,`action` ASC  [ RunTime:0.0011s ]
NOTIC: [2] mkdir(): File exists D:\phpStudy\WWW\five\application\Admin\Controller\MenuController.class.php 第 247 行.

[ 2017-06-04T15:30:05+08:00 ] ::1 /five/index.php?g=Admin&m=Menu&a=edit&id=156&menuid=
NOTIC: D方法实例化没找到模型类Common\Model\AuthRuleModel

[ 2017-06-04T15:30:07+08:00 ] ::1 /five/index.php?g=Admin&m=menu&a=index
NOTIC: D方法实例化没找到模型类Common\Model\AuthRuleModel

[ 2017-06-04T15:30:14+08:00 ] ::1 /five/index.php?g=Admin&m=Menu&a=edit&id=167&menuid=
NOTIC: D方法实例化没找到模型类Common\Model\AuthRuleModel

[ 2017-06-04T15:30:16+08:00 ] ::1 /five/index.php?g=Admin&m=menu&a=index
NOTIC: D方法实例化没找到模型类Common\Model\AuthRuleModel

[ 2017-06-04T15:30:17+08:00 ] ::1 /five/index.php?g=Admin&m=menu&a=lists
NOTIC: D方法实例化没找到模型类Common\Model\AuthRuleModel

[ 2017-06-04T15:30:19+08:00 ] ::1 /five/index.php?g=Admin&m=menu&a=index
NOTIC: D方法实例化没找到模型类Common\Model\AuthRuleModel

[ 2017-06-04T15:30:24+08:00 ] ::1 /five/index.php?g=Admin&m=Menu&a=edit&id=167&menuid=
NOTIC: D方法实例化没找到模型类Common\Model\AuthRuleModel

[ 2017-06-04T15:30:28+08:00 ] ::1 /five/index.php?g=Admin&m=Menu&a=edit_post
INFO: [ app_begin ] --START--
INFO: Run Behavior\ReadHtmlCacheBehavior [ RunTime:0.000629s ]
INFO: Run Behavior\CheckLangBehavior [ RunTime:0.001822s ]
INFO: Run Common\Behavior\UrldecodeGetBehavior [ RunTime:0.000490s ]
INFO: [ app_begin ] --END-- [ RunTime:0.003540s ]
INFO: [ admin_begin ] --START--
INFO: Run Common\Behavior\AdminDefaultLangBehavior [ RunTime:0.002224s ]
INFO: [ admin_begin ] --END-- [ RunTime:0.002265s ]
SQL: SHOW COLUMNS FROM `qx_users` [ RunTime:0.0055s ]
SQL: SELECT * FROM `qx_users` WHERE `id` = '1' LIMIT 1   [ RunTime:0.0003s ]
SQL: SHOW COLUMNS FROM `qx_menu` [ RunTime:0.0062s ]
NOTIC: D方法实例化没找到模型类Common\Model\AuthRuleModel
SQL: SHOW COLUMNS FROM `qx_auth_rule` [ RunTime:0.0058s ]
SQL: SELECT * FROM `qx_menu` WHERE `id` = 167 LIMIT 1   [ RunTime:0.0003s ]
NOTIC: [8] Undefined index: validate D:\phpStudy\WWW\five\simplewind\Core\Library\Think\Model.class.php 第 1185 行.
SQL: SELECT `id` FROM `qx_menu` WHERE `app` = 'Admin' AND `model` = 'Setting' AND `action` = 'upload' LIMIT 1   [ RunTime:0.0003s ]
NOTIC: [8] Undefined index: auto D:\phpStudy\WWW\five\simplewind\Core\Library\Think\Model.class.php 第 1128 行.
SQL: UPDATE `qx_menu` SET `parentid`='109',`name`='上传设置',`app`='Admin',`model`='Setting',`action`='upload',`data`='',`icon`='',`remark`='',`status`='0',`type`='1' WHERE `id` = 167 [ RunTime:0.0003s ]
SQL: SELECT COUNT(*) AS tp_count FROM `qx_auth_rule` WHERE `name` = 'admin/setting/upload' LIMIT 1   [ RunTime:0.0003s ]
SQL: UPDATE `qx_auth_rule` SET `name`='admin/setting/upload',`module`='Admin',`type`='admin_url',`title`='上传设置' WHERE `name` = 'admin/setting/upload' [ RunTime:0.0008s ]
SQL: SELECT * FROM `qx_menu` WHERE `app` = 'Admin' ORDER BY `listorder` ASC,`app` ASC,`model` ASC,`action` ASC  [ RunTime:0.0011s ]
NOTIC: [2] mkdir(): File exists D:\phpStudy\WWW\five\application\Admin\Controller\MenuController.class.php 第 247 行.

[ 2017-06-04T15:30:29+08:00 ] ::1 /five/index.php?g=Admin&m=Menu&a=edit&id=167&menuid=
NOTIC: D方法实例化没找到模型类Common\Model\AuthRuleModel

[ 2017-06-04T15:30:38+08:00 ] ::1 /five/index.php?g=Admin&m=Menu&a=index
NOTIC: D方法实例化没找到模型类Common\Model\AuthRuleModel

[ 2017-06-04T15:30:42+08:00 ] ::1 /five/index.php?g=Admin&m=Menu&a=edit&id=85&menuid=
NOTIC: D方法实例化没找到模型类Common\Model\AuthRuleModel

[ 2017-06-04T15:30:46+08:00 ] ::1 /five/index.php?g=Admin&m=Menu&a=edit_post
INFO: [ app_begin ] --START--
INFO: Run Behavior\ReadHtmlCacheBehavior [ RunTime:0.000647s ]
INFO: Run Behavior\CheckLangBehavior [ RunTime:0.001670s ]
INFO: Run Common\Behavior\UrldecodeGetBehavior [ RunTime:0.000525s ]
INFO: [ app_begin ] --END-- [ RunTime:0.003624s ]
INFO: [ admin_begin ] --START--
INFO: Run Common\Behavior\AdminDefaultLangBehavior [ RunTime:0.002027s ]
INFO: [ admin_begin ] --END-- [ RunTime:0.002070s ]
SQL: SHOW COLUMNS FROM `qx_users` [ RunTime:0.0059s ]
SQL: SELECT * FROM `qx_users` WHERE `id` = '1' LIMIT 1   [ RunTime:0.0004s ]
SQL: SHOW COLUMNS FROM `qx_menu` [ RunTime:0.0061s ]
NOTIC: D方法实例化没找到模型类Common\Model\AuthRuleModel
SQL: SHOW COLUMNS FROM `qx_auth_rule` [ RunTime:0.0059s ]
SQL: SELECT * FROM `qx_menu` WHERE `id` = 85 LIMIT 1   [ RunTime:0.0003s ]
NOTIC: [8] Undefined index: validate D:\phpStudy\WWW\five\simplewind\Core\Library\Think\Model.class.php 第 1185 行.
SQL: SELECT `id` FROM `qx_menu` WHERE `app` = 'Admin' AND `model` = 'Menu' AND `action` = 'default' LIMIT 1   [ RunTime:0.0004s ]
NOTIC: [8] Undefined index: auto D:\phpStudy\WWW\five\simplewind\Core\Library\Think\Model.class.php 第 1128 行.
SQL: UPDATE `qx_menu` SET `parentid`='0',`name`='菜单管理',`app`='Admin',`model`='Menu',`action`='default',`data`='',`icon`='list',`remark`='',`status`='0',`type`='1' WHERE `id` = 85 [ RunTime:0.0003s ]
SQL: SELECT COUNT(*) AS tp_count FROM `qx_auth_rule` WHERE `name` = 'admin/menu/default' LIMIT 1   [ RunTime:0.0003s ]
SQL: UPDATE `qx_auth_rule` SET `name`='admin/menu/default',`module`='Admin',`type`='admin_url',`title`='菜单管理' WHERE `name` = 'admin/menu/default' [ RunTime:0.0008s ]
SQL: SELECT * FROM `qx_menu` WHERE `app` = 'Admin' ORDER BY `listorder` ASC,`app` ASC,`model` ASC,`action` ASC  [ RunTime:0.0013s ]
NOTIC: [2] mkdir(): File exists D:\phpStudy\WWW\five\application\Admin\Controller\MenuController.class.php 第 247 行.

[ 2017-06-04T15:30:48+08:00 ] ::1 /five/index.php?g=Admin&m=Menu&a=edit&id=85&menuid=
NOTIC: D方法实例化没找到模型类Common\Model\AuthRuleModel

