[ 2017-06-03T14:12:42+08:00 ] ::1 /five/index.php?g=Admin&m=public&a=dologin
INFO: [ app_begin ] --START--
INFO: Run Behavior\ReadHtmlCacheBehavior [ RunTime:0.000659s ]
INFO: Run Behavior\CheckLangBehavior [ RunTime:0.001876s ]
INFO: Run Common\Behavior\UrldecodeGetBehavior [ RunTime:0.000545s ]
INFO: [ app_begin ] --END-- [ RunTime:0.003684s ]
INFO: [ admin_begin ] --START--
INFO: Run Common\Behavior\AdminDefaultLangBehavior [ RunTime:0.002586s ]
INFO: [ admin_begin ] --END-- [ RunTime:0.002630s ]
SQL: SHOW COLUMNS FROM `qx_users` [ RunTime:0.0052s ]
SQL: SELECT * FROM `qx_users` WHERE `user_login` = 'Admin' LIMIT 1   [ RunTime:0.0003s ]

[ 2017-06-03T14:12:51+08:00 ] ::1 /five/index.php?g=Admin&m=public&a=dologin
INFO: [ app_begin ] --START--
INFO: Run Behavior\ReadHtmlCacheBehavior [ RunTime:0.000648s ]
INFO: Run Behavior\CheckLangBehavior [ RunTime:0.002711s ]
INFO: Run Common\Behavior\UrldecodeGetBehavior [ RunTime:0.000595s ]
INFO: [ app_begin ] --END-- [ RunTime:0.004551s ]
INFO: [ admin_begin ] --START--
INFO: Run Common\Behavior\AdminDefaultLangBehavior [ RunTime:0.002481s ]
INFO: [ admin_begin ] --END-- [ RunTime:0.002524s ]

[ 2017-06-03T14:13:00+08:00 ] ::1 /five/index.php?g=Admin&m=public&a=dologin
INFO: [ app_begin ] --START--
INFO: Run Behavior\ReadHtmlCacheBehavior [ RunTime:0.000627s ]
INFO: Run Behavior\CheckLangBehavior [ RunTime:0.001854s ]
INFO: Run Common\Behavior\UrldecodeGetBehavior [ RunTime:0.000559s ]
INFO: [ app_begin ] --END-- [ RunTime:0.003584s ]
INFO: [ admin_begin ] --START--
INFO: Run Common\Behavior\AdminDefaultLangBehavior [ RunTime:0.002570s ]
INFO: [ admin_begin ] --END-- [ RunTime:0.002612s ]
SQL: SHOW COLUMNS FROM `qx_users` [ RunTime:0.0065s ]
SQL: SELECT * FROM `qx_users` WHERE `user_login` = 'Admin' LIMIT 1   [ RunTime:0.0004s ]
SQL: SHOW COLUMNS FROM `qx_role_user` [ RunTime:0.0059s ]
SQL: SELECT `role_id` FROM qx_role_user a INNER JOIN qx_role as b on a.role_id =b.id  WHERE `user_id` = '1' AND `status` = 1  [ RunTime:0.0011s ]
SQL: UPDATE `qx_users` SET `user_login`='admin',`user_pass`='###6717b1f76f1f76fa1487d633d8b97fd1',`user_nicename`='admin',`user_email`='1@qq.com',`user_url`='',`avatar`=NULL,`sex`='0',`birthday`='2000-01-01',`signature`=NULL,`last_login_ip`='0.0.0.0',`last_login_time`='2017-06-03 14:13:00',`create_time`='2017-06-03 02:12:14',`user_activation_key`='',`user_status`='1',`score`='0',`user_type`='1',`coin`='0',`mobile`='' WHERE `id` = '1' [ RunTime:0.0004s ]

